<?xml version="1.0" encoding="UTF-8"?>
<testsuite name="Runner.TestRun" time="0.073" tests="77" errors="0" skipped="0" failures="2">
  <properties>
[...]
</properties>
  <testcase name="Given user is on webPage and logs in" classname="Scenario: user updates the account" time="0.002"/>
  <testcase name="And user navigates to My Account" classname="Scenario: user updates the account" time="0.004"/>
  <testcase name="When user enters the details to update the account" classname="Scenario: user updates the account" time="0"/>
  <testcase name="Then verifies the login confirmation" classname="Scenario: user updates the account" time="0"/>
  <testcase name="Scenario: user updates the account" classname="Scenario: user updates the account" time="0.016"/>
  <testcase name="Given user is on home page and navigates to find a puppy page" classname="Scenario: user adds a puppy to favourites and contact the seller" time="0"/>
  <testcase name="When user searchs for puppy" classname="Scenario: user adds a puppy to favourites and contact the seller" time="0"/>
  <testcase name="And user clicks puppy for sale and select a puppy" classname="Scenario: user adds a puppy to favourites and contact the seller" time="0.001"/>
  <testcase name="And user clicks on add favorites" classname="Scenario: user adds a puppy to favourites and contact the seller" time="0"/>
  <testcase name="Then click on contact via email" classname="Scenario: user adds a puppy to favourites and contact the seller" time="0"/>
  <testcase name="Scenario: user adds a puppy to favourites and contact the seller" classname="Scenario: user adds a puppy to favourites and contact the seller" time="0"/>
  <testcase name="Given user is on home page and navigates to find a puppy page" classname="Scenario: user verifies my favorites" time="0"/>
  <testcase name="Then user checks the number of puppies in favorites" classname="Scenario: user verifies my favorites" time="0"/>
  <testcase name="And user add a puppy to favorites" classname="Scenario: user verifies my favorites" time="0"/>
  <testcase name="And user verifies the number of puppies in favorites after adding another puppy" classname="Scenario: user verifies my favorites" time="0"/>
  <testcase name="Scenario: user verifies my favorites" classname="Scenario: user verifies my favorites" time="0.001"/>
  <testcase name="Given user is on loginpage" classname="Scenario: Create account for multiple users" time="0"/>
  <testcase name="And user clicks on link buying a puppy?" classname="Scenario: Create account for multiple users" time="0"/>
  <testcase name="When user enters valid data on Page to create an account" classname="Scenario: Create account for multiple users" time="0"/>
  <testcase name="Then user verifies confirmation message" classname="Scenario: Create account for multiple users" time="0.001"/>
  <testcase name="Scenario: Create account for multiple users" classname="Scenario: Create account for multiple users" time="0.002"/>
  <testcase name="Given user is on home page" classname="Scenario: User Checks the functionalities available on the find a puppy page" time="0.001"/>
  <testcase name="And user navigates to find a puppy page" classname="Scenario: User Checks the functionalities available on the find a puppy page" time="0"/>
  <testcase name="Then user verifies find a puppy by breed ,by state and by Life style are displayed" classname="Scenario: User Checks the functionalities available on the find a puppy page" time="0"/>
  <testcase name="And user verifes search by keyword , browse alphabetically are enable" classname="Scenario: User Checks the functionalities available on the find a puppy page" time="0"/>
  <testcase name="And verifies the number results displayed on the page" classname="Scenario: User Checks the functionalities available on the find a puppy page" time="0"/>
  <testcase name="Scenario: User Checks the functionalities available on the find a puppy page" classname="Scenario: User Checks the functionalities available on the find a puppy page" time="0.001"/>
  <testcase name="Given user is on home page" classname="Scenario: User finds a puppy by breed" time="0"/>
  <testcase name="And user navigates to find a puppy page" classname="Scenario: User finds a puppy by breed" time="0"/>
  <testcase name="Then user enters the breed" classname="Scenario: User finds a puppy by breed" time="0"/>
  <testcase name="And user clicks Find by breed button" classname="Scenario: User finds a puppy by breed" time="0.001"/>
  <testcase name="And user verifies the search results" classname="Scenario: User finds a puppy by breed" time="0"/>
  <testcase name="Scenario: User finds a puppy by breed" classname="Scenario: User finds a puppy by breed" time="0.001"/>
  <testcase name="Given user is on home page" classname="Scenario: User finds a puppy by state" time="0"/>
  <testcase name="And user navigates to find a puppy page" classname="Scenario: User finds a puppy by state" time="0"/>
  <testcase name="When user selects state from dropdown" classname="Scenario: User finds a puppy by state" time="0"/>
  <testcase name="And user clicks the search my state button" classname="Scenario: User finds a puppy by state" time="0"/>
  <testcase name="Then user verifies the puppies for sale in the state" classname="Scenario: User finds a puppy by state" time="0"/>
  <testcase name="Scenario: User finds a puppy by state" classname="Scenario: User finds a puppy by state" time="0.001"/>
  <testcase name="Given user is on home page" classname="Scenario: User finds a puppy by life style" time="0.001"/>
  <testcase name="And user navigates to find a puppy page" classname="Scenario: User finds a puppy by life style" time="0"/>
  <testcase name="When user selects size , upkeep, purpose" classname="Scenario: User finds a puppy by life style" time="0"/>
  <testcase name="Then user verifies the search results for find puppy by life style" classname="Scenario: User finds a puppy by life style" time="0"/>
  <testcase name="Scenario: User finds a puppy by life style" classname="Scenario: User finds a puppy by life style" time="0.001"/>
  <testcase name="Given user is on home page" classname="Scenario: User browse alphabetically for puppies" time="0"/>
  <testcase name="And user navigates to find a puppy page" classname="Scenario: User browse alphabetically for puppies" time="0"/>
  <testcase name="When user Clicks on any alphabet on appears on the page" classname="Scenario: User browse alphabetically for puppies" time="0"/>
  <testcase name="Then user verifies the browse results" classname="Scenario: User browse alphabetically for puppies" time="0"/>
  <testcase name="Scenario: User browse alphabetically for puppies" classname="Scenario: User browse alphabetically for puppies" time="0.001"/>
  <testcase name="Given User is on WebPage" classname="Scenario: User verifies all the links in the home page" time="0"/>
  <testcase name="When user verifies all the links in the home page" classname="Scenario: User verifies all the links in the home page" time="0"/>
  <testcase name="Then user confirms the links are corresponding to their respective pages" classname="Scenario: User verifies all the links in the home page" time="0"/>
  <testcase name="Scenario: User verifies all the links in the home page" classname="Scenario: User verifies all the links in the home page" time="0.001"/>
  <testcase name="Given user is on homepage" classname="Scenario: User selects a puppy from popular Dog breeds on home Page" time="0"/>
  <testcase name="When user Clicks a link in popular dog breeds" classname="Scenario: User selects a puppy from popular Dog breeds on home Page" time="0"/>
  <testcase name="Then user verifies the details of the breed" classname="Scenario: User selects a puppy from popular Dog breeds on home Page" time="0"/>
  <testcase name="And clicks on that breed puppies for sale" classname="Scenario: User selects a puppy from popular Dog breeds on home Page" time="0"/>
  <testcase name="And verifies the search results displayed" classname="Scenario: User selects a puppy from popular Dog breeds on home Page" time="0"/>
  <testcase name="Scenario: User selects a puppy from popular Dog breeds on home Page" classname="Scenario: User selects a puppy from popular Dog breeds on home Page" time="0.001"/>
  <testcase name="Given user is on  homepage" classname="Scenario: User logout from the webpage" time="0"/>
  <testcase name="When user clicks the logout button" classname="Scenario: User logout from the webpage" time="0"/>
  <testcase name="Then user verifies logout confirmation" classname="Scenario: User logout from the webpage" time="0"/>
  <testcase name="Scenario: User logout from the webpage" classname="Scenario: User logout from the webpage" time="0.014"/>
  <testcase name="Given user is on web page" classname="Scenario: user enters valid credentials to login to the web page" time="0"/>
  <testcase name="When user enters valid credentials" classname="Scenario: user enters valid credentials to login to the web page" time="0"/>
  <testcase name="And user selects the action from drop down and submit" classname="Scenario: user enters valid credentials to login to the web page" time="0"/>
  <testcase name="Then user is on find a puppy page" classname="Scenario: user enters valid credentials to login to the web page" time="0"/>
  <testcase name="Scenario: user enters valid credentials to login to the web page" classname="Scenario: user enters valid credentials to login to the web page" time="0.001"/>
  <testcase name="Given user is on login page" classname="Scenario: user verifies links on the login page" time="0.001"/>
  <testcase name="When user verifies all the links are enable" classname="Scenario: user verifies links on the login page" time="0"/>
  <testcase name="Then user clicks the links to verify the pages responding to the links" classname="Scenario: user verifies links on the login page" time="0"/>
  <testcase name="Scenario: user verifies links on the login page" classname="Scenario: user verifies links on the login page" time="0.001"/>
  <testcase name="Given user is on find a puppy" classname="Scenario: User browse for puppies from search option" time="0"/>
  <testcase name="When user enters the breed name" classname="Scenario: User browse for puppies from search option" time="0"/>
  <testcase name="Then user verifies search results appeared in dropdown and selects puppy" classname="Scenario: User browse for puppies from search option" time="0"/>
  <testcase name="And user verifies the selectes item is displayed on the page" classname="Scenario: User browse for puppies from search option" time="0.009">
    <failure message="expected:&lt;...submit=1&amp;str=Golden+[]Retriever&gt; but was:&lt;...submit=1&amp;str=Golden+[Cocker+]Retriever&gt;" type="junit.framework.ComparisonFailure"><![CDATA[junit.framework.ComparisonFailure: expected:<...submit=1&str=Golden+[]Retriever> but was:<...submit=1&str=Golden+[Cocker+]Retriever>
	at junit.framework.Assert.assertEquals(Assert.java:100)
	at junit.framework.Assert.assertEquals(Assert.java:107)
	at StepDefinitions.SearchOptionsStepDef.user_verifies_the_selectes_item_is_displayed_on_the_page(SearchOptionsStepDef.java:57)
	at ✽.And user verifies the selectes item is displayed on the page(searchOptions.feature:7)
]]></failure>
  </testcase>
  <testcase name="Scenario: User browse for puppies from search option" classname="Scenario: User browse for puppies from search option" time="0.01">
    <failure message="expected:&lt;...submit=1&amp;str=Golden+[]Retriever&gt; but was:&lt;...submit=1&amp;str=Golden+[Cocker+]Retriever&gt;" type="junit.framework.ComparisonFailure"><![CDATA[junit.framework.ComparisonFailure: expected:<...submit=1&str=Golden+[]Retriever> but was:<...submit=1&str=Golden+[Cocker+]Retriever>
	at junit.framework.Assert.assertEquals(Assert.java:100)
	at junit.framework.Assert.assertEquals(Assert.java:107)
	at StepDefinitions.SearchOptionsStepDef.user_verifies_the_selectes_item_is_displayed_on_the_page(SearchOptionsStepDef.java:57)
	at ✽.And user verifies the selectes item is displayed on the page(searchOptions.feature:7)
]]></failure>
  </testcase>
</testsuite>